<?xml version="1.0" encoding="UTF-8"?>
<!-- Generated by org.testng.reporters.JUnitXMLReporter -->
<testsuite ignored="0" hostname="DellLT3410" failures="1" tests="7" name="ErrorValidation" time="23.442" errors="0" timestamp="2025-01-23T00:24:24 IST">
  <testcase classname="shubhampractice.AutoProject.tests.ErrorValidationTest" name="LoginErrorValidation" time="1.192">
    <skipped/>
  </testcase> <!-- LoginErrorValidation -->
  <testcase classname="shubhampractice.AutoProject.tests.ErrorValidationTest" name="LoginErrorValidation" time="0.546">
    <skipped/>
  </testcase> <!-- LoginErrorValidation -->
  <testcase classname="shubhampractice.AutoProject.tests.ErrorValidationTest" name="LoginErrorValidation" time="0.63">
    <skipped/>
  </testcase> <!-- LoginErrorValidation -->
  <testcase classname="shubhampractice.AutoProject.tests.ErrorValidationTest" name="LoginErrorValidation" time="0.597">
    <skipped/>
  </testcase> <!-- LoginErrorValidation -->
  <testcase classname="shubhampractice.AutoProject.tests.ErrorValidationTest" name="LoginErrorValidation" time="0.574">
    <skipped/>
  </testcase> <!-- LoginErrorValidation -->
  <testcase classname="shubhampractice.AutoProject.tests.ErrorValidationTest" name="LoginErrorValidation" time="0.618">
    <failure type="java.lang.AssertionError" message="expected [Incorrect email or password.] but found [Incorrect email  password.]">
      <![CDATA[java.lang.AssertionError: expected [Incorrect email or password.] but found [Incorrect email  password.]
at shubhampractice.AutoProject.tests.ErrorValidationTest.LoginErrorValidation(ErrorValidationTest.java:26)
at java.base/java.util.ArrayList.forEach(ArrayList.java:1596)
at java.base/java.util.concurrent.FutureTask.run(FutureTask.java:317)
at java.base/java.util.concurrent.ThreadPoolExecutor.runWorker(ThreadPoolExecutor.java:1144)
at java.base/java.util.concurrent.ThreadPoolExecutor$Worker.run(ThreadPoolExecutor.java:642)
at java.base/java.lang.Thread.run(Thread.java:1583)
... Removed 21 stack frames]]>
    </failure>
  </testcase> <!-- LoginErrorValidation -->
  <testcase classname="shubhampractice.AutoProject.tests.ErrorValidationTest" name="ProductErrorValidation" time="4.304"/>
</testsuite> <!-- ErrorValidation -->
